<?xml version="1.0" encoding="UTF-8"?>
<!-- Generated by org.testng.reporters.JUnitReportReporter -->
<testsuite hostname="Mithuns-Mac.local" failures="0" tests="1" name="test" time="29.500" errors="0" timestamp="2024-01-26T00:42:06 IST" skipped="0">
  <testcase classname="test" name="launchApp" time="29.500"/>
</testsuite> <!-- test -->
