<?xml version="1.0" encoding="UTF-8"?>
<!-- Generated by org.testng.reporters.JUnitReportReporter -->
<testsuite hostname="Mithuns-Mac.local" failures="0" tests="1" name="tests.HomePageTest" time="20.265" errors="0" timestamp="2024-01-30T23:27:21 IST" skipped="0">
  <testcase classname="tests.HomePageTest" name="addProductToCar" time="20.265"/>
</testsuite> <!-- tests.HomePageTest -->
